<?xml version="1.0" encoding="UTF-8"?>
<!-- Generated by org.testng.reporters.JUnitReportReporter -->
<testsuite hostname="DESKTOP-P9GG9AO" failures="0" tests="1" name="Practice.test$Practice1" time="0.020" errors="0" timestamp="2023-03-24T12:48:59 IST" skipped="0">
  <testcase classname="Practice.test$Practice1" name="sample" time="0.020"/>
  <system-out/>
</testsuite> <!-- Practice.test$Practice1 -->
