<?xml version="1.0" encoding="UTF-8"?>
<!-- Generated by org.testng.reporters.JUnitReportReporter -->
<<<<<<< HEAD
<testsuite hostname="DESKTOP-P9GG9AO" failures="0" tests="1" name="Practice.Practice1" time="0.029" errors="0" timestamp="2023-03-24T12:49:27 IST" skipped="0">
  <testcase classname="Practice.Practice1" name="sample" time="0.029"/>
=======
<testsuite hostname="DESKTOP-P9GG9AO" failures="0" tests="1" name="Practice.Practice1" time="0.014" errors="0" timestamp="2023-03-24T12:52:03 IST" skipped="0">
  <testcase classname="Practice.Practice1" name="sample" time="0.014"/>
>>>>>>> branch 'master' of https://github.com/SubsahPallath/WASA-3-Demo.git
  <system-out/>
</testsuite> <!-- Practice.Practice1 -->
