<?xml version="1.0" encoding="UTF-8"?>
<!-- Generated by org.testng.reporters.JUnitReportReporter -->
<testsuite hostname="DESKTOP-P9GG9AO" failures="0" tests="1" name="Practice.Practice1" time="0.029" errors="0" timestamp="2023-03-24T12:49:27 IST" skipped="0">
  <testcase classname="Practice.Practice1" name="sample" time="0.029"/>
  <system-out/>
</testsuite> <!-- Practice.Practice1 -->
