<?xml version="1.0" encoding="UTF-8"?>
<!-- Generated by org.testng.reporters.JUnitReportReporter -->
<testsuite hostname="DESKTOP-P9GG9AO" failures="0" tests="1" name="Practice.Practice" time="0.032" errors="0" timestamp="2023-03-21T13:39:30 IST" skipped="0">
  <testcase classname="Practice.Practice" name="sample" time="0.032"/>
  <system-out/>
</testsuite> <!-- Practice.Practice -->
